[    0.000000] Linux version 4.15.0-117-generic (buildd@lcy01-amd64-008) (gcc version 7.5.0 (Ubuntu 7.5.0-3ubuntu1~18.04)) #118-Ubuntu SMP Fri Sep 4 20:02:41 UTC 2020 (Ubuntu 4.15.0-117.118-generic 4.15.18)
[    0.000000] Command line: BOOT_IMAGE=/boot/vmlinuz-4.15.0-117-generic root=LABEL=cloudimg-rootfs ro console=tty1 console=ttyS0
[    0.000000] KERNEL supported cpus:
[    0.000000]   Intel GenuineIntel
[    0.000000]   AMD AuthenticAMD
[    0.000000]   Centaur CentaurHauls
[    0.000000] x86/fpu: Supporting XSAVE feature 0x001: 'x87 floating point registers'
[    0.000000] x86/fpu: Supporting XSAVE feature 0x002: 'SSE registers'
[    0.000000] x86/fpu: Supporting XSAVE feature 0x004: 'AVX registers'
[    0.000000] x86/fpu: xstate_offset[2]:  576, xstate_sizes[2]:  256
[    0.000000] x86/fpu: Enabled xstate features 0x7, context size is 832 bytes, using 'standard' format.
[    0.000000] e820: BIOS-provided physical RAM map:
[    0.000000] BIOS-e820: [mem 0x0000000000000000-0x000000000009fbff] usable
[    0.000000] BIOS-e820: [mem 0x000000000009fc00-0x000000000009ffff] reserved
[    0.000000] BIOS-e820: [mem 0x00000000000f0000-0x00000000000fffff] reserved
[    0.000000] BIOS-e820: [mem 0x0000000000100000-0x00000000dffeffff] usable
[    0.000000] BIOS-e820: [mem 0x00000000dfff0000-0x00000000dfffffff] ACPI data
[    0.000000] BIOS-e820: [mem 0x00000000fec00000-0x00000000fec00fff] reserved
[    0.000000] BIOS-e820: [mem 0x00000000fee00000-0x00000000fee00fff] reserved
[    0.000000] BIOS-e820: [mem 0x00000000fffc0000-0x00000000ffffffff] reserved
[    0.000000] BIOS-e820: [mem 0x0000000100000000-0x000000015ebfffff] usable
[    0.000000] NX (Execute Disable) protection: active
[    0.000000] SMBIOS 2.5 present.
[    0.000000] DMI: innotek GmbH VirtualBox/VirtualBox, BIOS VirtualBox 12/01/2006
[    0.000000] Hypervisor detected: KVM
[    0.000000] e820: last_pfn = 0x15ec00 max_arch_pfn = 0x400000000
[    0.000000] MTRR: Disabled
[    0.000000] x86/PAT: MTRRs disabled, skipping PAT initialization too.
[    0.000000] CPU MTRRs all blank - virtualized system.
[    0.000000] x86/PAT: Configuration [0-7]: WB  WT  UC- UC  WB  WT  UC- UC  
[    0.000000] e820: last_pfn = 0xdfff0 max_arch_pfn = 0x400000000
[    0.000000] found SMP MP-table at [mem 0x0009fff0-0x0009ffff]
[    0.000000] Scanning 1 areas for low memory corruption
[    0.000000] RAMDISK: [mem 0x35a65000-0x36d29fff]
[    0.000000] ACPI: Early table checksum verification disabled
[    0.000000] ACPI: RSDP 0x00000000000E0000 000024 (v02 VBOX  )
[    0.000000] ACPI: XSDT 0x00000000DFFF0030 00003C (v01 VBOX   VBOXXSDT 00000001 ASL  00000061)
[    0.000000] ACPI: FACP 0x00000000DFFF00F0 0000F4 (v04 VBOX   VBOXFACP 00000001 ASL  00000061)
[    0.000000] ACPI: DSDT 0x00000000DFFF0480 002325 (v02 VBOX   VBOXBIOS 00000002 INTL 20100528)
[    0.000000] ACPI: FACS 0x00000000DFFF0200 000040
[    0.000000] ACPI: FACS 0x00000000DFFF0200 000040
[    0.000000] ACPI: APIC 0x00000000DFFF0240 00006C (v02 VBOX   VBOXAPIC 00000001 ASL  00000061)
[    0.000000] ACPI: SSDT 0x00000000DFFF02B0 0001CC (v01 VBOX   VBOXCPUT 00000002 INTL 20100528)
[    0.000000] No NUMA configuration found
[    0.000000] Faking a node at [mem 0x0000000000000000-0x000000015ebfffff]
[    0.000000] NODE_DATA(0) allocated [mem 0x15ebd1000-0x15ebfbfff]
[    0.000000] kvm-clock: cpu 0, msr 1:5eb50001, primary cpu clock
[    0.000000] kvm-clock: Using msrs 4b564d01 and 4b564d00
[    0.000000] kvm-clock: using sched offset of 5266291019 cycles
[    0.000000] clocksource: kvm-clock: mask: 0xffffffffffffffff max_cycles: 0x1cd42e4dffb, max_idle_ns: 881590591483 ns
[    0.000000] Zone ranges:
[    0.000000]   DMA      [mem 0x0000000000001000-0x0000000000ffffff]
[    0.000000]   DMA32    [mem 0x0000000001000000-0x00000000ffffffff]
[    0.000000]   Normal   [mem 0x0000000100000000-0x000000015ebfffff]
[    0.000000]   Device   empty
[    0.000000] Movable zone start for each node
[    0.000000] Early memory node ranges
[    0.000000]   node   0: [mem 0x0000000000001000-0x000000000009efff]
[    0.000000]   node   0: [mem 0x0000000000100000-0x00000000dffeffff]
[    0.000000]   node   0: [mem 0x0000000100000000-0x000000015ebfffff]
[    0.000000] Reserved but unavailable: 98 pages
[    0.000000] Initmem setup node 0 [mem 0x0000000000001000-0x000000015ebfffff]
[    0.000000] ACPI: PM-Timer IO Port: 0x4008
[    0.000000] IOAPIC[0]: apic_id 4, version 32, address 0xfec00000, GSI 0-23
[    0.000000] ACPI: INT_SRC_OVR (bus 0 bus_irq 0 global_irq 2 dfl dfl)
[    0.000000] ACPI: INT_SRC_OVR (bus 0 bus_irq 9 global_irq 9 low level)
[    0.000000] Using ACPI (MADT) for SMP configuration information
[    0.000000] smpboot: Allowing 4 CPUs, 0 hotplug CPUs
[    0.000000] PM: Registered nosave memory: [mem 0x00000000-0x00000fff]
[    0.000000] PM: Registered nosave memory: [mem 0x0009f000-0x0009ffff]
[    0.000000] PM: Registered nosave memory: [mem 0x000a0000-0x000effff]
[    0.000000] PM: Registered nosave memory: [mem 0x000f0000-0x000fffff]
[    0.000000] PM: Registered nosave memory: [mem 0xdfff0000-0xdfffffff]
[    0.000000] PM: Registered nosave memory: [mem 0xe0000000-0xfebfffff]
[    0.000000] PM: Registered nosave memory: [mem 0xfec00000-0xfec00fff]
[    0.000000] PM: Registered nosave memory: [mem 0xfec01000-0xfedfffff]
[    0.000000] PM: Registered nosave memory: [mem 0xfee00000-0xfee00fff]
[    0.000000] PM: Registered nosave memory: [mem 0xfee01000-0xfffbffff]
[    0.000000] PM: Registered nosave memory: [mem 0xfffc0000-0xffffffff]
[    0.000000] e820: [mem 0xe0000000-0xfebfffff] available for PCI devices
[    0.000000] Booting paravirtualized kernel on KVM
[    0.000000] clocksource: refined-jiffies: mask: 0xffffffff max_cycles: 0xffffffff, max_idle_ns: 7645519600211568 ns
[    0.000000] random: get_random_bytes called from start_kernel+0x99/0x500 with crng_init=0
[    0.000000] setup_percpu: NR_CPUS:8192 nr_cpumask_bits:4 nr_cpu_ids:4 nr_node_ids:1
[    0.000000] percpu: Embedded 45 pages/cpu s147456 r8192 d28672 u524288
[    0.000000] PV qspinlock hash table entries: 256 (order: 0, 4096 bytes)
[    0.000000] Built 1 zonelists, mobility grouping on.  Total pages: 1285065
[    0.000000] Policy zone: Normal
[    0.000000] Kernel command line: BOOT_IMAGE=/boot/vmlinuz-4.15.0-117-generic root=LABEL=cloudimg-rootfs ro console=tty1 console=ttyS0
[    0.000000] Memory: 5024988K/5221944K available (12300K kernel code, 2481K rwdata, 4272K rodata, 2436K init, 2724K bss, 196956K reserved, 0K cma-reserved)
[    0.000000] SLUB: HWalign=64, Order=0-3, MinObjects=0, CPUs=4, Nodes=1
[    0.000000] Kernel/User page tables isolation: enabled
[    0.000000] ftrace: allocating 39392 entries in 154 pages
[    0.004000] Hierarchical RCU implementation.
[    0.004000] 	RCU restricting CPUs from NR_CPUS=8192 to nr_cpu_ids=4.
[    0.004000] 	Tasks RCU enabled.
[    0.004000] RCU: Adjusting geometry for rcu_fanout_leaf=16, nr_cpu_ids=4
[    0.004000] NR_IRQS: 524544, nr_irqs: 456, preallocated irqs: 16
[    0.004000] Console: colour VGA+ 80x25
[    0.004000] console [tty1] enabled
[    0.004000] console [ttyS0] enabled
[    0.004000] ACPI: Core revision 20170831
[    0.004000] ACPI: 2 ACPI AML tables successfully acquired and loaded
[    0.004000] APIC: Switch to symmetric I/O mode setup
[    0.004000] x2apic enabled
[    0.004000] Switched APIC routing to physical x2apic.
[    0.004000] ..TIMER: vector=0x30 apic1=0 pin1=2 apic2=-1 pin2=-1
[    0.004004] tsc: Detected 1992.001 MHz processor
[    0.004975] Calibrating delay loop (skipped) preset value.. 3984.00 BogoMIPS (lpj=7968004)
[    0.005503] pid_max: default: 32768 minimum: 301
[    0.008025] Security Framework initialized
[    0.008913] Yama: becoming mindful.
[    0.009671] AppArmor: AppArmor initialized
[    0.020148] Dentry cache hash table entries: 1048576 (order: 11, 8388608 bytes)
[    0.026676] Inode-cache hash table entries: 524288 (order: 10, 4194304 bytes)
[    0.028022] Mount-cache hash table entries: 16384 (order: 5, 131072 bytes)
[    0.029451] Mountpoint-cache hash table entries: 16384 (order: 5, 131072 bytes)
[    0.032263] Last level iTLB entries: 4KB 64, 2MB 8, 4MB 8
[    0.033295] Last level dTLB entries: 4KB 64, 2MB 0, 4MB 0, 1GB 4
[    0.034422] Spectre V1 : Mitigation: usercopy/swapgs barriers and __user pointer sanitization
[    0.036001] Spectre V2 : Mitigation: Full generic retpoline
[    0.036991] Spectre V2 : Spectre v2 / SpectreRSB mitigation: Filling RSB on context switch
[    0.038512] Speculative Store Bypass: Vulnerable
[    0.040037] SRBDS: Unknown: Dependent on hypervisor status
[    0.041046] MDS: Vulnerable: Clear CPU buffers attempted, no microcode
[    0.042422] Freeing SMP alternatives memory: 36K
[    0.153305] smpboot: CPU0: Intel(R) Core(TM) i7-8550U CPU @ 1.80GHz (family: 0x6, model: 0x8e, stepping: 0xa)
[    0.155190] Performance Events: unsupported p6 CPU model 142 no PMU driver, software events only.
[    0.156000] Hierarchical SRCU implementation.
[    0.159286] NMI watchdog: Perf event create on CPU 0 failed with -2
[    0.160001] NMI watchdog: Perf NMI watchdog permanently disabled
[    0.161065] smp: Bringing up secondary CPUs ...
[    0.161956] x86: Booting SMP configuration:
[    0.162878] .... node  #0, CPUs:      #1
[    0.004000] kvm-clock: cpu 1, msr 1:5eb50041, secondary cpu clock
[    0.167444]  #2
[    0.004000] kvm-clock: cpu 2, msr 1:5eb50081, secondary cpu clock
[    0.171096]  #3
[    0.004000] kvm-clock: cpu 3, msr 1:5eb500c1, secondary cpu clock
[    0.174700] smp: Brought up 1 node, 4 CPUs
[    0.174700] smpboot: Max logical packages: 1
[    0.176002] smpboot: Total of 4 processors activated (15936.00 BogoMIPS)
[    0.177330] devtmpfs: initialized
[    0.177330] x86/mm: Memory block size: 128MB
[    0.180195] evm: security.selinux
[    0.180819] evm: security.SMACK64
[    0.181556] evm: security.SMACK64EXEC
[    0.182248] evm: security.SMACK64TRANSMUTE
[    0.183137] evm: security.SMACK64MMAP
[    0.183842] evm: security.apparmor
[    0.184001] evm: security.ima
[    0.184599] evm: security.capability
[    0.185255] clocksource: jiffies: mask: 0xffffffff max_cycles: 0xffffffff, max_idle_ns: 7645041785100000 ns
[    0.188006] futex hash table entries: 1024 (order: 4, 65536 bytes)
[    0.189109] pinctrl core: initialized pinctrl subsystem
[    0.190092] RTC time: 20:03:10, date: 10/08/20
[    0.191237] NET: Registered protocol family 16
[    0.192000] audit: initializing netlink subsys (disabled)
[    0.192016] audit: type=2000 audit(1602187398.092:1): state=initialized audit_enabled=0 res=1
[    0.192121] cpuidle: using governor ladder
[    0.196005] cpuidle: using governor menu
[    0.196721] ACPI: bus type PCI registered
[    0.197419] acpiphp: ACPI Hot Plug PCI Controller Driver version: 0.5
[    0.198896] PCI: Using configuration type 1 for base access
[    0.204030] HugeTLB registered 2.00 MiB page size, pre-allocated 0 pages
[    0.205220] ACPI: Added _OSI(Module Device)
[    0.205220] ACPI: Added _OSI(Processor Device)
[    0.208002] ACPI: Added _OSI(3.0 _SCP Extensions)
[    0.208885] ACPI: Added _OSI(Processor Aggregator Device)
[    0.209801] ACPI: Added _OSI(Linux-Dell-Video)
[    0.210789] ACPI: Added _OSI(Linux-Lenovo-NV-HDMI-Audio)
[    0.211929] ACPI: Added _OSI(Linux-HPI-Hybrid-Graphics)
[    0.212265] ACPI: Executed 1 blocks of module-level executable AML code
[    0.217267] ACPI: Interpreter enabled
[    0.218092] ACPI: (supports S0 S5)
[    0.218842] ACPI: Using IOAPIC for interrupt routing
[    0.220229] PCI: Using host bridge windows from ACPI; if necessary, use "pci=nocrs" and report a bug
[    0.222030] ACPI: Enabled 2 GPEs in block 00 to 07
[    0.230274] ACPI: PCI Root Bridge [PCI0] (domain 0000 [bus 00-ff])
[    0.231465] acpi PNP0A03:00: _OSC: OS supports [ASPM ClockPM Segments MSI]
[    0.232505] acpi PNP0A03:00: _OSC: not requesting OS control; OS requires [ExtendedConfig ASPM ClockPM MSI]
[    0.234114] acpi PNP0A03:00: fail to add MMCONFIG information, can't access extended PCI configuration space under this bridge.
[    0.236365] PCI host bridge to bus 0000:00
[    0.237135] pci_bus 0000:00: root bus resource [io  0x0000-0x0cf7 window]
[    0.238508] pci_bus 0000:00: root bus resource [io  0x0d00-0xffff window]
[    0.240002] pci_bus 0000:00: root bus resource [mem 0x000a0000-0x000bffff window]
[    0.241476] pci_bus 0000:00: root bus resource [mem 0xe0000000-0xfdffffff window]
[    0.244002] pci_bus 0000:00: root bus resource [bus 00-ff]
[    0.246747] pci 0000:00:01.1: legacy IDE quirk: reg 0x10: [io  0x01f0-0x01f7]
[    0.248002] pci 0000:00:01.1: legacy IDE quirk: reg 0x14: [io  0x03f6]
[    0.249139] pci 0000:00:01.1: legacy IDE quirk: reg 0x18: [io  0x0170-0x0177]
[    0.250410] pci 0000:00:01.1: legacy IDE quirk: reg 0x1c: [io  0x0376]
[    0.313651] pci 0000:00:07.0: quirk: [io  0x4000-0x403f] claimed by PIIX4 ACPI
[    0.316012] pci 0000:00:07.0: quirk: [io  0x4100-0x410f] claimed by PIIX4 SMB
[    0.353743] ACPI: PCI Interrupt Link [LNKA] (IRQs 5 9 10 *11)
[    0.356309] ACPI: PCI Interrupt Link [LNKB] (IRQs 5 9 *10 11)
[    0.357412] ACPI: PCI Interrupt Link [LNKC] (IRQs 5 *9 10 11)
[    0.358687] ACPI: PCI Interrupt Link [LNKD] (IRQs 5 9 10 *11)
[    0.360315] SCSI subsystem initialized
[    0.361140] pci 0000:00:02.0: vgaarb: setting as boot VGA device
[    0.361164] pci 0000:00:02.0: vgaarb: VGA device added: decodes=io+mem,owns=io+mem,locks=none
[    0.364004] pci 0000:00:02.0: vgaarb: bridge control possible
[    0.365024] vgaarb: loaded
[    0.365639] ACPI: bus type USB registered
[    0.366520] usbcore: registered new interface driver usbfs
[    0.368007] usbcore: registered new interface driver hub
[    0.369059] usbcore: registered new device driver usb
[    0.370851] EDAC MC: Ver: 3.0.0
[    0.372304] PCI: Using ACPI for IRQ routing
[    0.373209] NetLabel: Initializing
[    0.373927] NetLabel:  domain hash size = 128
[    0.374927] NetLabel:  protocols = UNLABELED CIPSOv4 CALIPSO
[    0.376014] NetLabel:  unlabeled traffic allowed by default
[    0.377003] clocksource: Switched to clocksource kvm-clock
[    0.393787] VFS: Disk quotas dquot_6.6.0
[    0.394701] VFS: Dquot-cache hash table entries: 512 (order 0, 4096 bytes)
[    0.396061] AppArmor: AppArmor Filesystem Enabled
[    0.396946] pnp: PnP ACPI init
[    0.398557] pnp: PnP ACPI: found 3 devices
[    0.410581] clocksource: acpi_pm: mask: 0xffffff max_cycles: 0xffffff, max_idle_ns: 2085701024 ns
[    0.412111] NET: Registered protocol family 2
[    0.413037] TCP established hash table entries: 65536 (order: 7, 524288 bytes)
[    0.417040] TCP bind hash table entries: 65536 (order: 8, 1048576 bytes)
[    0.418203] TCP: Hash tables configured (established 65536 bind 65536)
[    0.419361] UDP hash table entries: 4096 (order: 5, 131072 bytes)
[    0.420470] UDP-Lite hash table entries: 4096 (order: 5, 131072 bytes)
[    0.421670] NET: Registered protocol family 1
[    0.422501] pci 0000:00:00.0: Limiting direct PCI/PCI transfers
[    0.423518] pci 0000:00:01.0: Activating ISA DMA hang workarounds
[    0.424726] pci 0000:00:02.0: Video device with shadowed ROM at [mem 0x000c0000-0x000dffff]
[    0.426257] Unpacking initramfs...
[    0.686382] Freeing initrd memory: 19220K
[    0.687313] PCI-DMA: Using software bounce buffering for IO (SWIOTLB)
[    0.688685] software IO TLB: mapped [mem 0xdbff0000-0xdfff0000] (64MB)
[    0.689835] clocksource: tsc: mask: 0xffffffffffffffff max_cycles: 0x396d54029a7, max_idle_ns: 881590429682 ns
[    0.691680] platform rtc_cmos: registered platform RTC device (no PNP device found)
[    0.693110] Scanning for low memory corruption every 60 seconds
[    0.694952] Initialise system trusted keyrings
[    0.695755] Key type blacklist registered
[    0.696794] workingset: timestamp_bits=36 max_order=21 bucket_order=0
[    0.698855] zbud: loaded
[    0.702559] squashfs: version 4.0 (2009/01/31) Phillip Lougher
[    0.703933] fuse init (API version 7.26)
[    0.708267] Key type asymmetric registered
[    0.709044] Asymmetric key parser 'x509' registered
[    0.710001] Block layer SCSI generic (bsg) driver version 0.4 loaded (major 246)
[    0.711578] io scheduler noop registered
[    0.712434] io scheduler deadline registered
[    0.713236] io scheduler cfq registered (default)
[    0.714828] ACPI: AC Adapter [AC] (on-line)
[    0.715709] input: Power Button as /devices/LNXSYSTM:00/LNXPWRBN:00/input/input0
[    0.717235] ACPI: Power Button [PWRF]
[    0.718071] input: Sleep Button as /devices/LNXSYSTM:00/LNXSLPBN:00/input/input1
[    0.719366] ACPI: Sleep Button [SLPF]
[    0.721303] ACPI: Battery Slot [BAT0] (battery present)
[    0.722402] Serial: 8250/16550 driver, 32 ports, IRQ sharing enabled
[    0.744303] 00:02: ttyS0 at I/O 0x3f8 (irq = 4, base_baud = 115200) is a 16550A
[    0.749827] Linux agpgart interface v0.103
[    0.754848] loop: module loaded
[    0.756071] scsi host0: ata_piix
[    0.757009] scsi host1: ata_piix
[    0.757766] ata1: PATA max UDMA/33 cmd 0x1f0 ctl 0x3f6 bmdma 0xd000 irq 14
[    0.758943] ata2: PATA max UDMA/33 cmd 0x170 ctl 0x376 bmdma 0xd008 irq 15
[    0.760272] libphy: Fixed MDIO Bus: probed
[    0.761083] tun: Universal TUN/TAP device driver, 1.6
[    0.762115] PPP generic driver version 2.4.2
[    0.763084] ehci_hcd: USB 2.0 'Enhanced' Host Controller (EHCI) Driver
[    0.764176] ehci-pci: EHCI PCI platform driver
[    0.765048] ehci-platform: EHCI generic platform driver
[    0.765963] ohci_hcd: USB 1.1 'Open' Host Controller (OHCI) Driver
[    0.767058] ohci-pci: OHCI PCI platform driver
[    0.767856] ohci-platform: OHCI generic platform driver
[    0.768907] uhci_hcd: USB Universal Host Controller Interface driver
[    0.770075] i8042: PNP: PS/2 Controller [PNP0303:PS2K,PNP0f03:PS2M] at 0x60,0x64 irq 1,12
[    0.772004] serio: i8042 KBD port at 0x60,0x64 irq 1
[    0.773014] serio: i8042 AUX port at 0x60,0x64 irq 12
[    0.774259] mousedev: PS/2 mouse device common for all mice
[    0.776151] rtc_cmos rtc_cmos: rtc core: registered rtc_cmos as rtc0
[    0.777361] rtc_cmos rtc_cmos: alarms up to one day, 114 bytes nvram
[    0.778530] input: AT Translated Set 2 keyboard as /devices/platform/i8042/serio0/input/input2
[    0.780223] i2c /dev entries driver
[    0.781091] device-mapper: uevent: version 1.0.3
[    0.782007] device-mapper: ioctl: 4.37.0-ioctl (2017-09-20) initialised: dm-devel@redhat.com
[    0.783773] ledtrig-cpu: registered to indicate activity on CPUs
[    0.785580] NET: Registered protocol family 10
[    0.790192] Segment Routing with IPv6
[    0.790896] NET: Registered protocol family 17
[    0.791807] Key type dns_resolver registered
[    0.793194] mce: Using 0 MCE banks
[    0.793894] RAS: Correctable Errors collector initialized.
[    0.794971] sched_clock: Marking stable (793128460, 0)->(1181410506, -388282046)
[    0.798020] registered taskstats version 1
[    0.798925] Loading compiled-in X.509 certificates
[    1.302902] Loaded X.509 cert 'Build time autogenerated kernel key: 993aedfcb7091aab7364eeb95e85a8dab512d887'
[    1.304762] zswap: loaded using pool lzo/zbud
[    1.309958] Key type big_key registered
[    1.310793] Key type trusted registered
[    1.313467] Key type encrypted registered
[    1.314200] AppArmor: AppArmor sha1 policy hashing enabled
[    1.315115] ima: No TPM chip found, activating TPM-bypass! (rc=-19)
[    1.316182] ima: Allocated hash algorithm: sha1
[    1.317049] evm: HMAC attrs: 0x1
[    1.317931]   Magic number: 8:261:93
[    1.318737] rtc_cmos rtc_cmos: setting system clock to 2020-10-08 20:03:11 UTC (1602187391)
[    1.320645] BIOS EDD facility v0.16 2004-Jun-25, 0 devices found
[    1.321668] EDD information not available.
[    1.324532] Freeing unused kernel image memory: 2436K
[    1.352213] Write protecting the kernel read-only data: 20480k
[    1.354434] Freeing unused kernel image memory: 2008K
[    1.355900] Freeing unused kernel image memory: 1872K
[    1.363837] x86/mm: Checked W+X mappings: passed, no W+X pages found.
[    1.364968] x86/mm: Checking user space page tables
[    1.372758] x86/mm: Checked W+X mappings: passed, no W+X pages found.
Loading, please wait...
starting version 237
[    1.437802] e1000: Intel(R) PRO/1000 Network Driver - version 7.3.21-k8-NAPI
[    1.442347] e1000: Copyright (c) 1999-2006 Intel Corporation.
[    1.444497] Fusion MPT base driver 3.04.20
[    1.445388] Copyright (c) 1999-2008 LSI Corporation
[    1.453082] Fusion MPT SPI Host driver 3.04.20
[    1.455956] AVX2 version of gcm_enc/dec engaged.
[    1.457337] AES CTR mode by8 optimization enabled
[ImExPS/2 Generic Explorer Mouse as /devices/platform/i8042/serio1/input/input4
[    1.825439] e1000 0000:00:03.0 eth0: (PCI:33MHz:32-bit) 02:24:97:07:29:80
[    2.545824] e1000 0000:00:03.0 eth0: Intel(R) PRO/1000 Network Connection
[    3.364806] e1000 0000:00:08.0 eth1: (PCI:33MHz:32-bit) 08:00:27:d5:a4:01
[    3.366070] e1000 0000:00:08.0 eth1: Intel(R) PRO/1000 Network Connection
[    3.368458] e1000 0000:00:03.0 enp0s3: renamed from eth0
[    3.369481] mptbase: ioc0: Initiating bringup
[    3.409419] e1000 0000:00:08.0 enp0s8: renamed from eth1
[    3.475276] ioc0: LSI53C1030 A0: Capabilities={Initiator}
[    5.338939] scsi host2: ioc0: LSI53C1030 A0, FwRev=00000000h, Ports=1, MaxQ=256, IRQ=20
[    7.308880] scsi 2:0:0:0: Direct-Access     VBOX     HARDDISK         1.0  PQ: 0 ANSI: 5
[    7.341327] scsi target2:0:0: Beginning Domain Validation
[    7.345850] scsi target2:0:0: Domain Validation skipping write tests
[    7.346993] scsi target2:0:0: Ending Domain Validation
[    7.348106] scsi target2:0:0: asynchronous
[    7.349866] scsi 2:0:1:0: Direct-Access     VBOX     HARDDISK         1.0  PQ: 0 ANSI: 5
[    7.380035] scsi target2:0:1: Beginning Domain Validation
[    7.383360] random: fast init done
[    7.386045] scsi target2:0:1: Domain Validation skipping write tests
[    7.387262] scsi target2:0:1: Ending Domain Validation
[    7.388410] scsi target2:0:1: asynchronous
[    7.394832] random: systemd-udevd: uninitialized urandom read (16 bytes read)
[    7.394905] sd 2:0:0:0: Attached scsi generic sg0 type 0
[    7.395033] sd 2:0:0:0: [sda] 104857600 512-byte logical blocks: (53.7 GB/50.0 GiB)
[    7.395082] sd 2:0:0:0: [sda] Write Protect is off
[    7.395177] sd 2:0:0:0: [sda] Incomplete mode parameter data
[    7.395178] sd 2:0:0:0: [sda] Assuming drive cache: write through
[    7.396144] random: systemd-udevd: uninitialized urandom read (16 bytes read)
[    7.397300] sd 2:0:1:0: Attached scsi generic sg1 type 0
[    7.398551] random: systemd-udevd: uninitialized urandom read (16 bytes read)
[    7.399704] sd 2:0:1:0: [sdb] 20480 512-byte logical blocks: (10.5 MB/10.0 MiB)
[    7.406793] sd 2:0:1:0: [sdb] Write Protect is off
[    7.408049] sd 2:0:1:0: [sdb] Incomplete mode parameter data
[    7.409290] sd 2:0:1:0: [sdb] Assuming drive cache: write through
[    7.966729]  sda: sda1
[    7.968677] sd 2:0:0:0: [sda] Attached SCSI disk
[    8.218089] sd 2:0:1:0: [sdb] Attached SCSI disk
Begin: Loading essential drivers ... [   10.380224] raid6: sse2x1   gen() 12712 MB/s
[   10.428070] raid6: sse2x1   xor()  9122 MB/s
[   10.476260] raid6: sse2x2   gen() 14482 MB/s
[   10.524023] raid6: sse2x2   xor() 10835 MB/s
[   10.572438] raid6: sse2x4   gen() 17398 MB/s
[   10.620251] raid6: sse2x4   xor() 11137 MB/s
[   10.668074] raid6: avx2x1   gen() 25521 MB/s
[   10.716033] raid6: avx2x1   xor() 18767 MB/s
[   10.764068] raid6: avx2x2   gen() 29394 MB/s
[   10.812048] raid6: avx2x2   xor() 20515 MB/s
[   10.860439] raid6: avx2x4   gen() 32782 MB/s
[   10.908164] raid6: avx2x4   xor() 21161 MB/s
[   10.909013] raid6: using algorithm avx2x4 gen() 32782 MB/s
[   10.909978] raid6: .... xor() 21161 MB/s, rmw enabled
[   10.910890] raid6: using avx2x2 recovery algorithm
[   10.913338] xor: automatically using best checksumming function   avx       
[   10.915899] async_tx: api initialized (async)
done.
Begin: Running /scripts/init-premount ... done.
Begin: Mounting root file system ... Begin: Running /scripts/local-top ... done.
Begin: Running /scripts/local-premount ... [   10.957536] Btrfs loaded, crc32c=crc32c-intel
Scanning for Btrfs filesystems
done.
Warning: fsck not present, so skipping root file system
[   11.893593] EXT4-fs (sda1): mounted filesystem with ordered data mode. Opts: (null)
done.
Begin: Running /scripts/local-bottom ... done.
Begin: Running /scripts/init-bottom ... done.
[   14.064078] random: crng init done
[   14.064983] random: 7 urandom warning(s) missed due to ratelimiting
[   14.703133] ip_tables: (C) 2000-2006 Netfilter Core Team
[   14.806709] systemd[1]: systemd 237 running in system mode. (+PAM +AUDIT +SELINUX +IMA +APPARMOR +SMACK +SYSVINIT +UTMP +LIBCRYPTSETUP +GCRYPT +GNUTLS +ACL +XZ +LZ4 +SECCOMP +BLKID +ELFUTILS +KMOD -IDN2 +IDN -PCRE2 default-hierarchy=hybrid)
[   14.810540] systemd[1]: Detected virtualization oracle.
[   14.811570] systemd[1]: Detected architecture x86-64.

Welcome to [1mUbuntu 18.04.5 LTS[0m!

[   15.912852] systemd[1]: Set hostname to <ubuntu>.
[   16.028394] systemd[1]: Initializing machine ID from random generator.
[   16.029686] systemd[1]: Installed transient /etc/machine-id file.
[   18.660101] systemd[1]: Reached target System Time Synchronized.
[[0;32m  OK  [0m] Reached target System Time Synchronized.
[   18.676680] systemd[1]: Created slice User and Session Slice.
[[0;32m  OK  [0m] Created slice User and Session Slice.
[   18.689140] systemd[1]: Reached target User and Group Name Lookups.
[[0;32m  OK  [0m] Reached target User and Group Name Lookups.
[   18.691603] systemd[1]: Started Forward Password Requests to Wall Directory Watch.
[[0;32m  OK  [0m] Started Forward Password Requests to Wall Directory Watch.
[[0;32m  OK  [0m] Reached target Swap.
[[0;32m  OK  [0m] Set up automount Arbitrary Executab…rmats File System Automount Point.
[[0;32m  OK  [0m] Created slice System Slice.
[[0;32m  OK  [0m] Listening on Syslog Socket.
[[0;32m  OK  [0m] Listening on Journal Socket (/dev/log).
[[0;32m  OK  [0m] Listening on Journal Audit Socket.
[[0;32m  OK  [0m] Listening on Journal Socket.
         Starting Remount Root and Kernel File Systems...
         Starting Journal Service...
         Starting Create list of required st…ce nodes for the current kernel...
[[0;32m  OK  [0m] Listening on Device-mapper event daemon FIFOs.
         Mounting POSIX Message Queue File System...
         Mounting Kernel Debug File System...
         Mounting Huge Pages File System...
[[0;32m  OK  [0m] Listening on /dev/initctl Compatibility Named Pipe.
[[0;32m  OK  [0m] Created slice system-serial\x2dgetty.slice.
[[0;32m  OK  [0m] Listening on udev Kernel Socket.
[[0;32m  OK  [0m] Reached target Slices.
[[0;32m  OK  [0m] Listening on LVM2 poll daemon socket.
[[0;32m  OK  [0m] Listening on udev Control Socket.
         Starting udev Coldplug all Devices...
         Starting Uncomplicated firewall...
[[0;32m  OK  [0m] Listening on LVM2 metadata daemon socket.
         Starting Monitoring of LVM2 mirrors…ng dmeventd or progress polling...
         Starting Set the console keyboard layout...
[[0;32m  OK  [0m] Listening on Network Service Netlink Socket.
         Starting Load Kernel Modules...
[[0;32m  OK  [0m] Started Create list of required sta…vice nodes for the current kernel.
[[0;32m  OK  [0m] Mounted POSIX Message Queue File System.
[[0;32m  OK  [0m] Mounted Kernel Debug File System.
[[0;32m  OK  [0m] Mounted Huge Pages File System.
         Starting Create Static Device Nodes in /dev...
[[0;32m  OK  [0m] Started udev Coldplug all Devices.
[[0;32m  OK  [0m] Started Uncomplicated firewall.
[   19.233487] Loading iSCSI transport class v2.0-870.
[[0;32m  OK  [0m] Started LVM2 metadata daemon.
[   20.325082] iscsi: registered transport (tcp)
[   20.363178] iscsi: registered transport (iser)
[   20.365047] EXT4-fs (sda1): re-mounted. Opts: (null)
[   20.366823] systemd[1]: Started Load Kernel Modules.
[[0;32m  OK  [0m] Started Load Kernel Modules.
[   20.385616] systemd[1]: Started Remount Root and Kernel File Systems.
[[0;32m  OK  [0m] Started Remount Root and Kernel File Systems.
[   20.565682] systemd[1]: Starting Load/Save Random Seed...
         Starting Load/Save Random Seed...
[   20.577399] systemd[1]: Mounting Kernel Configuration File System...
         Mounting Kernel Configuration File System...
[   20.589258] systemd[1]: Mounting FUSE Control File System...
         Mounting FUSE Control File System...
[   20.593397] systemd[1]: Starting Apply Kernel Variables...
         Starting Apply Kernel Variables...
[   20.605438] systemd[1]: Started Journal Service.
[[0;32m  OK  [0m] Started Journal Service.
[[0;32m  OK  [0m] Mounted Kernel Configuration File System.
[[0;32m  OK  [0m] Mounted FUSE Control File System.
[[0;32m  OK  [0m] Started Monitoring of LVM2 mirrors,…sing dmeventd or progress polling.
         Starting Flush Journal to Persistent Storage...
[[0;32m  OK  [0m] Started Set the console keyboard layout.
[[0;32m  OK  [0m] Started Create Static Device Nodes in /dev.
         Starting udev Kernel Device Manager...
[[0;32m  OK  [0m] Reached target Local File Systems (Pre).
[[0;32m  OK  [0m] Reached target Local File Systems.
         Starting AppArmor initialization...
         Starting Tell Plymouth To Write Out Runtime Data...
         Starting Set console font and keymap...
         Starting ebtables ruleset management...
         Starting Commit a transient machine-id on disk...
[[0;32m  OK  [0m] Started Load/Save Random Seed.
[[0;32m  OK  [0m] Started Apply Kernel Variables.
[[0;32m  OK  [0m] Started Set console font and keymap.
[[0;32m  OK  [0m] Started Tell Plymouth To Write Out Runtime Data.
[[0;32m  OK  [0m] Started Flush Journal to Persistent Storage.
         Starting Create Volatile Files and Directories...
[[0;32m  OK  [0m] Started Commit a transient machine-id on disk.
[[0;32m  OK  [0m] Started udev Kernel Device Manager.
[[0;32m  OK  [0m] Started Create Volatile Files and Directories.
         Starting Update UTMP about System Boot/Shutdown...
[[0;32m  OK  [0m] Started Dispatch Password Requests to Console Directory Watch.
[[0;32m  OK  [0m] Reached target Local Encrypted Volumes.
[[0;32m  OK  [0m] Started Update UTMP about System Boot/Shutdown.
[[0;32m  OK  [0m] Started ebtables ruleset management.
[[0;32m  OK  [0m] Found device /dev/ttyS0.
[[0;32m  OK  [0m] Listening on Load/Save RF Kill Switch Status /dev/rfkill Watch.
[[0;32m  OK  [0m] Started AppArmor initialization.
         Starting Initial cloud-init job (pre-networking)...
         Starting Load AppArmor profiles managed internally by snapd...
[[0;32m  OK  [0m] Started Load AppArmor profiles managed internally by snapd.
[   29.719524] cloud-init[598]: Cloud-init v. 20.3-2-g371b392c-0ubuntu1~18.04.1 running 'init-local' at Thu, 08 Oct 2020 20:03:38 +0000. Up 28.80 seconds.
[[0;32m  OK  [0m] Started Initial cloud-init job (pre-networking).
[[0;32m  OK  [0m] Reached target Network (Pre).
         Starting Network Service...
[[0;32m  OK  [0m] Started Network Service.
         Starting Network Name Resolution...
         Starting Wait for Network to be Configured...
[[0;32m  OK  [0m] Started Network Name Resolution.
[[0;32m  OK  [0m] Reached target Host and Network Name Lookups.
[[0;32m  OK  [0m] Reached target Network.
[[0;32m  OK  [0m] Started Wait for Network to be Configured.
         Starting Initial cloud-init job (metadata service crawler)...
[   33.244896] cloud-init[734]: Cloud-init v. 20.3-2-g371b392c-0ubuntu1~18.04.1 running 'init' at Thu, 08 Oct 2020 20:03:43 +0000. Up 32.84 seconds.
[   33.246639] cloud-init[734]: ci-info: ++++++++++++++++++++++++++++++++++++++Net device info+++++++++++++++++++++++++++++++++++++++
[   33.260294] cloud-init[734]: ci-info: +--------+-------+----------------------------+---------------+--------+-------------------+
[   33.262026] cloud-init[734]: ci-info: | Device |   Up  |          Address           |      Mask     | Scope  |     Hw-Address    |
[   33.272955] cloud-init[734]: ci-info: +--------+-------+----------------------------+---------------+--------+-------------------+
[   33.304589] cloud-init[734]: ci-info: | enp0s3 |  True |         10.0.2.15          | 255.255.255.0 | global | 02:24:97:07:29:80 |
[   33.305922] cloud-init[734]: ci-info: | enp0s3 |  True | fe80::24:97ff:fe07:2980/64 |       .       |  link  | 02:24:97:07:29:80 |
[   33.307139] cloud-init[734]: ci-info: | enp0s8 | False |             .              |       .       |   .    | 08:00:27:d5:a4:01 |
[   33.308521] cloud-init[734]: ci-info: |   lo   |  True |         127.0.0.1          |   255.0.0.0   |  host  |         .         |
[   33.309989] cloud-init[734]: ci-info: |   lo   |  True |          ::1/128           |       .       |  host  |         .         |
[   33.311511] cloud-init[734]: ci-info: +--------+-------+----------------------------+---------------+--------+-------------------+
[   33.312968] cloud-init[734]: ci-info: ++++++++++++++++++++++++++++Route IPv4 info+++++++++++++++++++++++++++++
[   33.316235] cloud-init[734]: ci-info: +-------+-------------+----------+-----------------+-----------+-------+
[   33.330208] cloud-init[734]: ci-info: | Route | Destination | Gateway  |     Genmask     | Interface | Flags |
[   33.331331] cloud-init[734]: ci-info: +-------+-------------+----------+-----------------+-----------+-------+
[   33.344676] cloud-init[734]: ci-info: |   0   |   0.0.0.0   | 10.0.2.2 |     0.0.0.0     |   enp0s3  |   UG  |
[   33.357271] cloud-init[734]: ci-info: |   1   |   10.0.2.0  | 0.0.0.0  |  255.255.255.0  |   enp0s3  |   U   |
[   33.373105] cloud-init[734]: ci-info: |   2   |   10.0.2.2  | 0.0.0.0  | 255.255.255.255 |   enp0s3  |   UH  |
[   33.374662] cloud-init[734]: ci-info: +-------+-------------+----------+-----------------+-----------+-------+
[   33.387094] cloud-init[734]: ci-info: +++++++++++++++++++Route IPv6 info+++++++++++++++++++
[   33.388325] cloud-init[734]: ci-info: +-------+-------------+---------+-----------+-------+
[   33.389477] cloud-init[734]: ci-info: | Route | Destination | Gateway | Interface | Flags |
[   33.390650] cloud-init[734]: ci-info: +-------+-------------+---------+-----------+-------+
[   33.444785] cloud-init[734]: ci-info: |   1   |  fe80::/64  |    ::   |   enp0s3  |   U   |
[   33.456968] cloud-init[734]: ci-info: |   3   |    local    |    ::   |   enp0s3  |   U   |
[   33.467050] cloud-init[734]: ci-info: |   4   |   ff00::/8  |    ::   |   enp0s3  |   U   |
[   33.468258] cloud-init[734]: ci-info: +-------+-------------+---------+-----------+-------+
[   37.873111] cloud-init[734]: Generating public/private rsa key pair.
[   37.874045] cloud-init[734]: Your identification has been saved in /etc/ssh/ssh_host_rsa_key.
[   37.874960] cloud-init[734]: Your public key has been saved in /etc/ssh/ssh_host_rsa_key.pub.
[   37.876037] cloud-init[734]: The key fingerprint is:
[   37.876633] cloud-init[734]: SHA256:lfliRHcbnR7ONjgUmQptUXDUWhH9bfDgakHrn0q45KM root@ubuntu-bionic
[   37.878068] cloud-init[734]: The key's randomart image is:
[   37.888251] cloud-init[734]: +---[RSA 2048]----+
[   37.888622] cloud-init[734]: |          oo*=B+=|
[   37.900434] cloud-init[734]: |         o *o=oBo|
[   37.912239] cloud-init[734]: |          B.ooO++|
[   37.924274] cloud-init[734]: |         o oo+.*=|
[   37.924874] cloud-init[734]: |        S o..oo..|
[   37.925468] cloud-init[734]: |         . o+    |
[   37.926073] cloud-init[734]: |          o... . |
[   37.926642] cloud-init[734]: |         o.o  o  |
[[0;32m  OK  [0m] Started Initial cloud-init job (metadata service crawler).
[   37.937017] cloud-init[734]: |        E.o...   |
[[0;32m  OK  [0m] Reached target System Initialization.
[   37.948715] cloud-init[734]: +----[SHA256]-----+
[[0;32m  OK  [0m] Started Discard unused blocks once a week.
[   37.960438] cloud-init[734]: Generating public/private dsa key pair.
[[0;32m  OK  [0m] Listening on D-Bus System Message Bus Socket.
[   37.979666] cloud-init[734]: Your identification has been saved in /etc/ssh/ssh_host_dsa_key.
[[0;32m  OK  [0m] Listening on ACPID Listen Socket.
[   37.981366] cloud-init[734]: Your public key has been saved in /etc/ssh/ssh_host_dsa_key.pub.
[   37.982820]          cloud-initStarting Socket activation for snappy daemon.[734]: 
The key fingerprint is:
[   37.992747] cloud-init[734]: SHA256:zDb2yyPNphLA1A8N1bO9eeACm4CQ5hC6MYHyZ7OHppE root@ubuntu-bionic
[   37.993927] cloud-init[734]: The key's randomart image is:
[   38.008694] cloud-init[734]: +---[DSA 1024]----+
[   38.020853]          cloud-initStarting LXD - unix socket.[734]: 
|+. . ..+..       |
[[0;32m  OK  [0m] Listening on Open-iSCSI iscsid Socket.
[   38.032605] cloud-init[734]: |=.+ . o . o      |
[   38.045192] cloud-init[734]: |== + . o   +     |
[[0;32m  OK  [0m] Started ACPI Events Check.
[[   38.057508] [0;32m  OK  [0mcloud-init] [734]: Reached target Paths.| +o B .oo . o    |

[   38.058243] cloud-init[734]: |.  + = .S+ . +   |
[[0;32m  OK  [0m] Started Message of the Day.
[   38.059724] cloud-init[734]: |  E + oooo. + .  |
[[0;32m  OK  [0m] Started Daily apt download activities.
[   38.109580] cloud-init[734]: |   + . . o.. .   |
[[0;32m  OK  [0m] Started Daily apt upgrade and clean activities.
[   38.110982] cloud-init[734]: |  .   . ..=.     |
[[0;32m  OK  [0m] Started Daily Cleanup of Temporary Directories.
[   38.235227] cloud-init[734]: |       ..+o.     |
[[0;32m  OK  [0m] Reached target Timers.
[   38.333098] cloud-init[734]: +----[SHA256]-----+
[   38.334094] [cloud-init[0;32m  OK  [0m[734]: ] Generating public/private ecdsa key pair.Listening on UUID daemon activation socket.

[   38.334165] cloud-init[734]: Your identification has been saved in /etc/ssh/ssh_host_ecdsa_key.
[[0;32m  OK  [0m] Reached target Network is Online.
[   38.382941] cloud-init[734]: Your public key has been saved in /etc/ssh/ssh_host_ecdsa_key.pub.
[   38.492244] cloud-init[734]: The key fingerprint is:
[   38.508681] cloud-init         [734]: Starting Availability of block devices...SHA256:deXeco8SzzHJ485QcydkrT2o1a/NqgkygIYHik/pywU root@ubuntu-bionic

[[   38.509712] [0;32m  OK  [0mcloud-init] [734]: Reached target Remote File Systems (Pre).The key's randomart image is:

[[0;32m  OK  [0m] Reached target Remote File Systems.
[[   38.520973] [0;32m  OK  [0mcloud-init] [734]: Reached target Cloud-config availability.+---[ECDSA 256]---+

[[0;32m  OK  [0m] Listening on Socket activation for snappy daemon.
[   38.533514] cloud-init[734]: |              .  |
[[0;32m  OK  [0m] [   38.534677] Listening on LXD - unix socket.cloud-init[734]: 
|             o . |
[   38.534756] cloud-init[734]: |  .       . . + .|
[[0;32m  OK  [0m] Reached target Sockets.
[   38.552815] cloud-init[734]: |.. + .   . . =o= |
[[0;32m  OK  [0m] Reached target Basic System.
[   38.580697] cloud-init[734]: |o E + . S   .o&o*|
         Starting System Logging Service...
[   38.592255] cloud-init[734]: | + +   .    o* @=|
[   38.608942] cloud-init[734]: |  o .   o ..o = o|
[   38.609517] cloud-init[734]: | . o     o . * + |
[   38.620522] cloud-init[734]: |  o         o.=.o|
[   38.621050] cloud-init[734]: +----[SHA256]-----+
[   38.621639] cloud-init[734]: Generating public/private ed25519 key pair.
[   38.632178] cloud-init[734]: Your identification has been saved in /etc/ssh/ssh_host_ed25519_key.
[   38.633101] cloud-init[734]: Your public key has been saved in /etc/ssh/ssh_host_ed25519_key.pub.
[   38.634051] cloud-init[734]: The key fingerprint is:
[   38.634703] cloud-init[734]: SHA256:336w1dk11qFxa+oONeUwdCixPDyZ3hNxcGmHbYcBF6Q root@ubuntu-bionic
[   38.635536] cloud-init[734]: The key's randomart image is:
[   38.645021] cloud-init[734]: +--[ED25519 256]--+
[   38.645623] cloud-init[734]: |           .o*BX.|
[   38.656621] cloud-init[734]: |          o.==B==|
[   38.657420] cloud-init[734]: |           OE+=o*|
[   38.658153] cloud-init[734]: |          . +.*=o|
[   38.658869] cloud-init[734]: |        S  . =+o=|
[   38.659598] cloud-init[734]: |         . .o.+.o|
[   38.660354] cloud-init[734]: |          ..o+   |
[   38.661062] cloud-init[734]: |           .o..  |
[   38.662043] cloud-init[734]: |            oo   |
[   38.662754] cloud-init[734]: +----[SHA256]-----+
         Starting Pollinate to seed the pseudo random number generator...
         Starting LSB: Record successful boot for GRUB...
         Starting LXD - container startup/shutdown...
         Starting Dispatcher daemon for systemd-networkd...
         Starting Login Service...
[[0;32m  OK  [0m] Started D-Bus System Message Bus.
         Starting Permit User Sessions...
         Starting Accounts Service...
[[0;32m  OK  [0m] Started Regular background program processing daemon.
[[0;32m  OK  [0m] Started irqbalance daemon.
[[0;32m  OK  [0m] Started FUSE filesystem for LXC.
         Starting LSB: automatic crash report generation...
         Starting Virtualbox guest utils...
[[0;32m  OK  [0m] Started Deferred execution scheduler.
         Starting Snap Daemon...
[[0;32m  OK  [0m] Started System Logging Service.
[[0;32m  OK  [0m] Started Availability of block devices.
[[0;32m  OK  [0m] Started Permit User Sessions.
[[0;32m  OK  [0m] Started Login Service.
[[0;32m  OK  [0m] Started Unattended Upgrades Shutdown.
         Starting Terminate Plymouth Boot Screen...
         Starting Hold until boot process finishes up...
[[0;32m  OK  [0m] Started Hold until boot process finishes up.
[[0;32m  OK  [0m] Started Serial Getty on ttyS0.
         Starting Set console scheme...
[[0;32m  OK  [0m] Started Terminate Plymouth Boot Screen.
[[0;32m  OK  [0m] Started Dispatcher daemon for systemd-networkd.
[[0;32m  OK  [0m] Started Set console scheme.
[[0;32m  OK  [0m] Created slice system-getty.slice.
[[0;32m  OK  [0m] Started Getty on tty1.
[[0;32m  OK  [0m] Reached target Login Prompts.
         Starting Authorization Manager...
[[0;32m  OK  [0m] Started LSB: automatic crash report generation.
[[0;32m  OK  [0m] Started LSB: Record successful boot for GRUB.
[[0;32m  OK  [0m] Started Authorization Manager.
[[0;32m  OK  [0m] Started Accounts Service.
[[0;32m  OK  [0m] Started Virtualbox guest utils.
[[0;32m  OK  [0m] Started LXD - container startup/shutdown.
[[0;32m  OK  [0m] Started Snap Daemon.
         Starting Wait until snapd is fully seeded...

Ubuntu 18.04.5 LTS ubuntu-bionic ttyS0

ubuntu-bionic login: [   56.070506] cloud-init[1464]: Cloud-init v. 20.3-2-g371b392c-0ubuntu1~18.04.1 running 'modules:config' at Thu, 08 Oct 2020 20:04:01 +0000. Up 51.06 seconds.
ci-info: no authorized SSH keys fingerprints found for user ubuntu.
<14>Oct  8 20:04:06 ec2: 
<14>Oct  8 20:04:06 ec2: #############################################################
<14>Oct  8 20:04:06 ec2: -----BEGIN SSH HOST KEY FINGERPRINTS-----
<14>Oct  8 20:04:06 ec2: 1024 SHA256:zDb2yyPNphLA1A8N1bO9eeACm4CQ5hC6MYHyZ7OHppE root@ubuntu-bionic (DSA)
<14>Oct  8 20:04:06 ec2: 256 SHA256:deXeco8SzzHJ485QcydkrT2o1a/NqgkygIYHik/pywU root@ubuntu-bionic (ECDSA)
<14>Oct  8 20:04:06 ec2: 256 SHA256:336w1dk11qFxa+oONeUwdCixPDyZ3hNxcGmHbYcBF6Q root@ubuntu-bionic (ED25519)
<14>Oct  8 20:04:06 ec2: 2048 SHA256:lfliRHcbnR7ONjgUmQptUXDUWhH9bfDgakHrn0q45KM root@ubuntu-bionic (RSA)
<14>Oct  8 20:04:06 ec2: -----END SSH HOST KEY FINGERPRINTS-----
<14>Oct  8 20:04:06 ec2: #############################################################
-----BEGIN SSH HOST KEY KEYS-----
ecdsa-sha2-nistp256 AAAAE2VjZHNhLXNoYTItbmlzdHAyNTYAAAAIbmlzdHAyNTYAAABBBFFp7kPEGYATvrtng1VR+T0xDEs1OJicRqBzRKxn/Aj01vqCWHXEvHNycMZsf1as86snRUxLpCeKB71BL8QTwcg= root@ubuntu-bionic
ssh-ed25519 AAAAC3NzaC1lZDI1NTE5AAAAIGkdtNJ53siM5JRZp7DvnKai4618OZf0sh9XnMQDBDtZ root@ubuntu-bionic
ssh-rsa AAAAB3NzaC1yc2EAAAADAQABAAABAQDomUyqduavLSf6x9uFwnIyH6tPFIuJKWd5v3U9zBMQ0312pYoRF9a97UfJpeGS4wTz7uDjAYBq715rpIpiyuWtGst3a6NbE6S3r2SLCGUOBnzQmwNeSBCey2eJ9oVWl3ZIpNZ0AnsGaMQHkD4gCYTgpiVZ4TuxH2Nx+Ykp34i7iz//kxiwpB4j4pHcajsd1EjHuDlt4P17axCNZRY61DB6h5jHopgNwhExHynrL3tmTgUVDJoYkVhIyIBLdmcewJMypnjBTdUzKiNgePYU2J9vAEdsYxdjbBefzrWSKIyqACixHQFt7a5N5hgY63dQuAukO4ASiay/rLK/9R57PaxZ root@ubuntu-bionic
-----END SSH HOST KEY KEYS-----
[   56.815157] cloud-init[1686]: Cloud-init v. 20.3-2-g371b392c-0ubuntu1~18.04.1 running 'modules:final' at Thu, 08 Oct 2020 20:04:06 +0000. Up 56.58 seconds.
[   56.815277] cloud-init[1686]: ci-info: no authorized SSH keys fingerprints found for user ubuntu.
[   56.815402] cloud-init[1686]: Cloud-init v. 20.3-2-g371b392c-0ubuntu1~18.04.1 finished at Thu, 08 Oct 2020 20:04:06 +0000. Datasource DataSourceNoCloud [seed=/dev/sdb][dsmode=net].  Up 56.80 seconds
